12:30:25 PM: DEBUG [logger_base.py:35] Mensaje a nivel debug
12:30:25 PM: INFO [logger_base.py:36] Mensaje a nivel de info
12:30:25 PM: WARNING [logger_base.py:37] Mensaje a nivel de warning
12:30:25 PM: ERROR [logger_base.py:38] Mensaje a nivel de error
12:30:25 PM: CRITICAL [logger_base.py:39] Mensaje a nivel critico
12:30:37 PM: DEBUG [logger_base.py:35] Mensaje a nivel debug
12:30:37 PM: INFO [logger_base.py:36] Mensaje a nivel info
12:30:37 PM: WARNING [logger_base.py:37] Mensaje a nivel de warning
12:30:37 PM: ERROR [logger_base.py:38] Mensaje a nivel de error
12:30:37 PM: CRITICAL [logger_base.py:39] Mensaje a nivel critico
12:31:57 PM: DEBUG [logger_base.py:34] Mensaje a nivel debug
12:31:57 PM: INFO [logger_base.py:35] Mensaje a nivel de info
12:31:57 PM: WARNING [logger_base.py:36] Mensaje a nivel de warning
12:31:57 PM: ERROR [logger_base.py:37] Mensaje a nivel de error
12:31:57 PM: CRITICAL [logger_base.py:38] Mensaje a nivel critico
02:19:05 PM: DEBUG [logger_base.py:34] Mensaje a nivel debug
02:19:05 PM: INFO [logger_base.py:35] Mensaje a nivel de info
02:19:05 PM: WARNING [logger_base.py:36] Mensaje a nivel de warning
02:19:05 PM: ERROR [logger_base.py:37] Mensaje a nivel de error
02:19:05 PM: CRITICAL [logger_base.py:38] Mensaje a nivel critico
03:09:36 PM: DEBUG [Persona.py:50] 
            Id Persona: 1, Nombre: Juan,
            Apellido: Perez, Email: jperez@mail.com
        
03:09:36 PM: DEBUG [Persona.py:53] 
            Id Persona: None, Nombre: Juan,
            Apellido: Perez, Email: jperez@mail.com
        
03:09:36 PM: DEBUG [Persona.py:56] 
            Id Persona: 1, Nombre: None,
            Apellido: None, Email: None
        
03:12:37 PM: DEBUG [Persona.py:51] **Datos del objeto Persona**
-Id_persona: 1- Nombre: Juan
-Apellido: Perez
- Email: jperez@mail.com
03:14:08 PM: DEBUG [Persona.py:51] 
**Datos del objeto Persona**
- Id_persona: 1- Nombre: Juan
- Apellido: Perez
- Email: jperez@mail.com
